episode = 1,reward = -3.7
episode = 2,reward = -3.6
episode = 3,reward = -3.6
episode = 4,reward = -3.4
episode = 5,reward = -3.3
episode = 6,reward = -3.8
episode = 7,reward = -4.5
episode = 8,reward = -4.7
episode = 9,reward = -1.8
episode = 10,reward = -5.3
episode = 11,reward = -4.6
episode = 12,reward = -4.8
episode = 13,reward = -5.1
episode = 14,reward = -3.9
episode = 15,reward = -4.0
episode = 16,reward = -2.6
episode = 17,reward = -3.4
episode = 18,reward = -3.6
episode = 19,reward = -4.4
episode = 20,reward = -3.6
episode = 21,reward = -4.4
episode = 22,reward = -3.8
episode = 23,reward = -4.2
episode = 24,reward = -4.3
episode = 25,reward = -3.5
episode = 26,reward = -3.2
episode = 27,reward = -3.5
episode = 28,reward = -3.6
episode = 29,reward = -2.8
episode = 30,reward = -3.4
episode = 31,reward = -3.4
episode = 32,reward = -3.2
episode = 33,reward = -4.0
episode = 34,reward = -4.0
episode = 35,reward = -3.9
episode = 36,reward = -3.6
episode = 37,reward = -3.7
episode = 38,reward = -3.9
episode = 39,reward = -3.6
episode = 40,reward = -4.1
episode = 41,reward = -2.1
episode = 42,reward = -3.8
episode = 43,reward = -3.4
episode = 44,reward = -3.6
episode = 45,reward = -3.6
episode = 46,reward = -2.4
episode = 47,reward = -2.2
episode = 48,reward = -2.9
episode = 49,reward = -4.1
episode = 50,reward = -3.7
[12-30 14:02:05 MainThread @train.py:112] episode:50    e_greed:0.09050299999999051   Test reward:-2.0
[12-30 14:02:05 MainThread @train.py:66] 模型保存成功!
episode = 51,reward = -2.6
episode = 52,reward = -4.6
episode = 53,reward = -3.4
episode = 54,reward = -3.3
episode = 55,reward = -3.4
episode = 56,reward = -3.7
episode = 57,reward = -0.0
episode = 58,reward = -4.3
episode = 59,reward = -3.3
episode = 60,reward = -3.7
episode = 61,reward = -3.5
episode = 62,reward = -3.2
episode = 63,reward = -3.2
episode = 64,reward = -3.7
episode = 65,reward = -3.8
episode = 66,reward = -4.3
episode = 67,reward = -4.2
episode = 68,reward = -3.4
episode = 69,reward = -3.8
episode = 70,reward = -2.4
episode = 71,reward = -3.9
episode = 72,reward = -4.1
episode = 73,reward = -4.2
episode = 74,reward = -3.6
episode = 75,reward = -3.9
episode = 76,reward = -4.0
episode = 77,reward = -1.7
episode = 78,reward = -3.5
episode = 79,reward = -3.8
episode = 80,reward = -3.8
episode = 81,reward = -3.8
episode = 82,reward = -4.2
episode = 83,reward = -4.4
episode = 84,reward = -3.9
episode = 85,reward = -3.5
episode = 86,reward = -3.9
episode = 87,reward = -2.7
episode = 88,reward = -4.0
episode = 89,reward = -3.7
episode = 90,reward = -4.2
episode = 91,reward = -4.9
episode = 92,reward = -3.4
episode = 93,reward = -3.3
episode = 94,reward = -2.5
episode = 95,reward = -3.6
episode = 96,reward = -4.2
episode = 97,reward = -3.7
episode = 98,reward = -4.3
episode = 99,reward = -4.1
episode = 100,reward = -3.7
[12-30 14:03:23 MainThread @train.py:112] episode:100    e_greed:0.08222699999998223   Test reward:-3.36
[12-30 14:03:23 MainThread @train.py:66] 模型保存成功!
episode = 101,reward = -3.4
episode = 102,reward = -3.5
episode = 103,reward = -3.7
episode = 104,reward = -3.9
episode = 105,reward = -5.2
episode = 106,reward = -4.3
episode = 107,reward = -3.7
episode = 108,reward = -2.3
episode = 109,reward = -2.7
episode = 110,reward = -3.3
episode = 111,reward = -5.1
episode = 112,reward = -3.5
episode = 113,reward = -5.2
episode = 114,reward = -4.2
episode = 115,reward = -4.4
episode = 116,reward = -3.7
episode = 117,reward = -1.9
episode = 118,reward = -3.7
episode = 119,reward = -3.2
episode = 120,reward = -3.7
episode = 121,reward = -3.8
episode = 122,reward = -4.7
episode = 123,reward = -4.7
episode = 124,reward = -2.7
episode = 125,reward = -3.7
episode = 126,reward = -3.7
episode = 127,reward = -5.1
episode = 128,reward = -3.5
episode = 129,reward = -4.6
episode = 130,reward = -4.0
episode = 131,reward = -3.8
episode = 132,reward = -5.4
episode = 133,reward = -4.1
episode = 134,reward = -2.1
episode = 135,reward = -3.9
episode = 136,reward = -3.5
episode = 137,reward = -1.6
episode = 138,reward = -1.8
episode = 139,reward = -3.5
episode = 140,reward = -4.0
episode = 141,reward = -4.0
episode = 142,reward = -2.0
episode = 143,reward = -3.4
episode = 144,reward = -3.6
episode = 145,reward = -4.0
episode = 146,reward = -4.4
episode = 147,reward = -3.6
episode = 148,reward = -4.4
episode = 149,reward = -4.3
episode = 150,reward = -4.1
[12-30 14:05:37 MainThread @train.py:112] episode:150    e_greed:0.07372399999997373   Test reward:-1.78
[12-30 14:05:37 MainThread @train.py:66] 模型保存成功!
episode = 151,reward = -3.9
episode = 152,reward = -3.9
episode = 153,reward = -3.7
episode = 154,reward = -4.2
episode = 155,reward = -4.0
episode = 156,reward = -3.4
episode = 157,reward = -3.4
episode = 158,reward = -3.3
episode = 159,reward = -3.9
episode = 160,reward = -3.6
episode = 161,reward = -3.9
episode = 162,reward = -4.9
episode = 163,reward = -2.1
episode = 164,reward = -3.5
episode = 165,reward = -3.5
episode = 166,reward = -3.7
episode = 167,reward = -2.0
episode = 168,reward = -4.0
episode = 169,reward = 2.1
episode = 170,reward = -3.4
episode = 171,reward = -2.0
episode = 172,reward = -3.9
episode = 173,reward = 0.6
episode = 174,reward = -3.9
episode = 175,reward = -3.9
episode = 176,reward = -3.8
episode = 177,reward = -4.0
episode = 178,reward = -1.9
episode = 179,reward = -3.4
episode = 180,reward = -3.9
episode = 181,reward = -3.7
episode = 182,reward = -3.8
episode = 183,reward = -4.0
episode = 184,reward = -3.5
episode = 185,reward = -3.6
episode = 186,reward = -3.5
episode = 187,reward = -3.9
episode = 188,reward = -3.3
episode = 189,reward = -1.6
episode = 190,reward = -3.9
episode = 191,reward = -3.4
episode = 192,reward = -3.9
episode = 193,reward = -3.3
episode = 194,reward = -4.5
episode = 195,reward = -3.1
episode = 196,reward = -3.5
episode = 197,reward = -3.4
episode = 198,reward = -3.2
episode = 199,reward = -4.3
episode = 200,reward = -3.9
[12-30 14:08:25 MainThread @train.py:112] episode:200    e_greed:0.06554499999996555   Test reward:-3.3
[12-30 14:08:25 MainThread @train.py:66] 模型保存成功!
episode = 201,reward = -3.1
episode = 202,reward = -3.1
episode = 203,reward = -3.9
episode = 204,reward = -4.1
episode = 205,reward = -4.5
episode = 206,reward = -4.3
episode = 207,reward = -4.5
episode = 208,reward = -1.5
episode = 209,reward = -3.7
episode = 210,reward = -3.6
episode = 211,reward = -4.3
episode = 212,reward = -4.0
episode = 213,reward = -3.3
episode = 214,reward = -3.6
episode = 215,reward = -4.2
episode = 216,reward = -3.5
episode = 217,reward = -3.2
episode = 218,reward = -3.6
episode = 219,reward = -2.0
episode = 220,reward = -4.3
episode = 221,reward = -1.7
episode = 222,reward = -4.3
episode = 223,reward = -4.4
episode = 224,reward = -4.7
episode = 225,reward = -1.3
episode = 226,reward = -3.3
episode = 227,reward = -3.8
episode = 228,reward = -4.2
episode = 229,reward = -3.7
episode = 230,reward = -1.7
episode = 231,reward = -3.8
episode = 232,reward = -3.7
episode = 233,reward = -6.2
episode = 234,reward = -5.0
episode = 235,reward = -3.6
episode = 236,reward = -4.5
episode = 237,reward = -3.5
episode = 238,reward = -3.7
episode = 239,reward = -3.1
episode = 240,reward = -3.9
episode = 241,reward = -2.6
episode = 242,reward = -2.1
episode = 243,reward = -3.6
episode = 244,reward = -3.4
episode = 245,reward = -4.9
episode = 246,reward = -4.6
episode = 247,reward = -4.2
episode = 248,reward = -4.1
episode = 249,reward = -4.2
episode = 250,reward = -3.8
[12-30 14:09:56 MainThread @train.py:112] episode:250    e_greed:0.05591799999995592   Test reward:-2.44
[12-30 14:09:56 MainThread @train.py:66] 模型保存成功!
episode = 251,reward = -2.1
episode = 252,reward = -4.0
episode = 253,reward = -3.4
episode = 254,reward = -3.6
episode = 255,reward = -4.5
episode = 256,reward = -0.2
episode = 257,reward = -3.4
episode = 258,reward = -3.4
episode = 259,reward = -3.8
episode = 260,reward = -3.7
episode = 261,reward = -3.6
episode = 262,reward = -3.5
episode = 263,reward = -4.2
episode = 264,reward = -4.0
episode = 265,reward = -4.0
episode = 266,reward = -3.4
episode = 267,reward = -3.9
episode = 268,reward = -3.5
episode = 269,reward = -4.0
episode = 270,reward = -4.2
episode = 271,reward = -3.6
episode = 272,reward = -3.2
episode = 273,reward = -4.1
episode = 274,reward = -3.6
episode = 275,reward = -8.1
episode = 276,reward = -3.5
episode = 277,reward = -4.2
episode = 278,reward = -4.1
episode = 279,reward = -3.9
episode = 280,reward = -3.8
episode = 281,reward = -3.7
episode = 282,reward = -3.5
episode = 283,reward = -3.8
episode = 284,reward = -3.6
episode = 285,reward = -4.8
episode = 286,reward = -1.7
episode = 287,reward = -3.2
episode = 288,reward = -3.5
episode = 289,reward = -3.8
episode = 290,reward = -2.3
episode = 291,reward = -4.1
episode = 292,reward = -3.3
episode = 293,reward = -3.6
episode = 294,reward = -3.4
episode = 295,reward = -3.8
episode = 296,reward = -3.3
episode = 297,reward = -3.7
episode = 298,reward = -1.7
episode = 299,reward = -3.4
episode = 300,reward = -4.2
[12-30 14:10:58 MainThread @train.py:112] episode:300    e_greed:0.04893099999994893   Test reward:-2.9
[12-30 14:10:58 MainThread @train.py:66] 模型保存成功!
episode = 301,reward = -3.4
episode = 302,reward = -1.6
episode = 303,reward = -3.8
episode = 304,reward = -3.5
episode = 305,reward = 0.1
episode = 306,reward = -3.6
episode = 307,reward = -4.0
episode = 308,reward = -1.0
episode = 309,reward = -3.9
episode = 310,reward = -3.9
episode = 311,reward = -4.4
episode = 312,reward = -3.3
episode = 313,reward = -3.8
episode = 314,reward = -4.4
episode = 315,reward = -3.2
episode = 316,reward = -3.2
episode = 317,reward = -3.4
episode = 318,reward = 3.8
episode = 319,reward = -2.0
episode = 320,reward = -3.7
episode = 321,reward = -2.2
episode = 322,reward = -5.4
episode = 323,reward = -3.7
episode = 324,reward = -4.6
episode = 325,reward = -4.5
episode = 326,reward = -3.5
episode = 327,reward = -3.5
episode = 328,reward = -4.5
episode = 329,reward = -3.3
episode = 330,reward = -2.5
episode = 331,reward = 2.1
episode = 332,reward = -4.0
episode = 333,reward = 0.2
episode = 334,reward = -4.4
episode = 335,reward = -5.6
episode = 336,reward = -3.5
episode = 337,reward = -4.2
episode = 338,reward = -4.0
episode = 339,reward = 1.3
episode = 340,reward = -1.0
episode = 341,reward = -7.2
episode = 342,reward = -3.5
episode = 343,reward = -8.5
episode = 344,reward = -3.7
episode = 345,reward = -2.5
episode = 346,reward = -1.8
episode = 347,reward = 1.3
episode = 348,reward = 5.8
episode = 349,reward = 1.3
episode = 350,reward = -4.2
[12-30 14:15:28 MainThread @train.py:112] episode:350    e_greed:0.030486999999930486   Test reward:32.66
[12-30 14:15:28 MainThread @train.py:66] 模型保存成功!
episode = 351,reward = -10.3
episode = 352,reward = -7.2
episode = 353,reward = -7.3
episode = 354,reward = -2.0
episode = 355,reward = -3.3
episode = 356,reward = -4.3
episode = 357,reward = -3.6
episode = 358,reward = -3.5
episode = 359,reward = -4.2
episode = 360,reward = 0.2
episode = 361,reward = -3.6
episode = 362,reward = -4.2
episode = 363,reward = 1.8
episode = 364,reward = -5.0
episode = 365,reward = -3.0
episode = 366,reward = -7.5
episode = 367,reward = 12.6
episode = 368,reward = 18.3
episode = 369,reward = -1.1
episode = 370,reward = -1.0
episode = 371,reward = -5.5
episode = 372,reward = -2.5
episode = 373,reward = -3.8
episode = 374,reward = 8.0
episode = 375,reward = 14.5
episode = 376,reward = -1.6
episode = 377,reward = -2.5
episode = 378,reward = -5.0
episode = 379,reward = 38.1
episode = 380,reward = -1.3
episode = 381,reward = 24.0
episode = 382,reward = -4.7
episode = 383,reward = -3.9
episode = 384,reward = -3.1
episode = 385,reward = -3.9
episode = 386,reward = -4.5
episode = 387,reward = 3.7
episode = 388,reward = -1.8
episode = 389,reward = -4.3
episode = 390,reward = -1.8
episode = 391,reward = -5.0
episode = 392,reward = 3.1
episode = 393,reward = 5.0
episode = 394,reward = 4.3
episode = 395,reward = -5.4
episode = 396,reward = -4.3
episode = 397,reward = 0.4
episode = 398,reward = -4.5
episode = 399,reward = -4.1
episode = 400,reward = -0.4
[12-30 14:22:32 MainThread @train.py:112] episode:400    e_greed:0.01   Test reward:-0.88
[12-30 14:22:32 MainThread @train.py:66] 模型保存成功!
episode = 401,reward = -6.8
episode = 402,reward = 3.8
episode = 403,reward = -1.7
episode = 404,reward = -4.4
episode = 405,reward = -4.8
episode = 406,reward = -4.5
episode = 407,reward = -5.2
episode = 408,reward = -3.7
episode = 409,reward = -7.6
episode = 410,reward = -5.1
episode = 411,reward = -4.1
episode = 412,reward = 2.0
episode = 413,reward = -2.4
episode = 414,reward = -4.9
episode = 415,reward = -3.3
episode = 416,reward = -1.6
episode = 417,reward = -4.8
episode = 418,reward = -4.5
episode = 419,reward = -5.2
episode = 420,reward = -1.2
episode = 421,reward = -5.1
episode = 422,reward = -1.5
episode = 423,reward = -3.3
episode = 424,reward = -3.0
episode = 425,reward = -3.9
episode = 426,reward = -4.2
episode = 427,reward = -4.6
episode = 428,reward = -4.6
episode = 429,reward = 1.2
episode = 430,reward = -4.1
episode = 431,reward = 0.5
episode = 432,reward = -3.2
episode = 433,reward = 2.9
episode = 434,reward = 71.2
episode = 435,reward = -5.4
episode = 436,reward = -1.3
episode = 437,reward = -4.0
episode = 438,reward = -3.3
episode = 439,reward = -4.6
episode = 440,reward = -4.4
episode = 441,reward = -1.7
episode = 442,reward = -4.5
episode = 443,reward = -5.5
episode = 444,reward = -1.8
episode = 445,reward = -5.4
episode = 446,reward = -4.9
episode = 447,reward = -8.2
episode = 448,reward = -4.0
episode = 449,reward = 5.3
episode = 450,reward = -7.1
[12-30 14:30:09 MainThread @train.py:112] episode:450    e_greed:0.01   Test reward:-5.16
[12-30 14:30:09 MainThread @train.py:66] 模型保存成功!
episode = 451,reward = -7.3
episode = 452,reward = -5.0
episode = 453,reward = -19.9
episode = 454,reward = 5.5
episode = 455,reward = 31.4
episode = 456,reward = -1.2
episode = 457,reward = 73.4
episode = 458,reward = -3.3
episode = 459,reward = -3.7
episode = 460,reward = 0.2
episode = 461,reward = -2.9
episode = 462,reward = -4.9
episode = 463,reward = -5.2
episode = 464,reward = -6.0
episode = 465,reward = -4.0
episode = 466,reward = -4.3
episode = 467,reward = 18.1
episode = 468,reward = -3.9
episode = 469,reward = -4.1
episode = 470,reward = -3.9
episode = 471,reward = -0.7
episode = 472,reward = -4.9
episode = 473,reward = -4.7
episode = 474,reward = -4.6
episode = 475,reward = -3.9
episode = 476,reward = -4.2
episode = 477,reward = -5.0
episode = 478,reward = 8.5
episode = 479,reward = -1.0
episode = 480,reward = -0.4
episode = 481,reward = -0.3
episode = 482,reward = -5.2
episode = 483,reward = 3.7
episode = 484,reward = -4.0
episode = 485,reward = 2.8
episode = 486,reward = 24.1
episode = 487,reward = 56.8
episode = 488,reward = 2.0
episode = 489,reward = -4.8
episode = 490,reward = 6.8
episode = 491,reward = -5.1
episode = 492,reward = -4.6
episode = 493,reward = -4.4
episode = 494,reward = 11.1
episode = 495,reward = 9.8
episode = 496,reward = -5.3
episode = 497,reward = -4.1
episode = 498,reward = -5.5
episode = 499,reward = 31.8
episode = 500,reward = 33.3
[12-30 14:40:45 MainThread @train.py:112] episode:500    e_greed:0.01   Test reward:9.6
[12-30 14:40:45 MainThread @train.py:66] 模型保存成功!
episode = 501,reward = -0.8
episode = 502,reward = -4.0
episode = 503,reward = -1.3
episode = 504,reward = -4.9
episode = 505,reward = -1.8
episode = 506,reward = -3.6
episode = 507,reward = 24.9
episode = 508,reward = 40.2
episode = 509,reward = 47.0
episode = 510,reward = -6.1
episode = 511,reward = 74.5
episode = 512,reward = 59.7
episode = 513,reward = -4.2
episode = 514,reward = 5.9
episode = 515,reward = -0.1
episode = 516,reward = -4.7
episode = 517,reward = 4.6
episode = 518,reward = -5.5
episode = 519,reward = 12.2
episode = 520,reward = -2.1
episode = 521,reward = -4.9
episode = 522,reward = 17.8
episode = 523,reward = 44.6
episode = 524,reward = 51.7
episode = 525,reward = 39.0
episode = 526,reward = 26.9
episode = 527,reward = 28.1
episode = 528,reward = 62.6
episode = 529,reward = 8.0
episode = 530,reward = 21.5
episode = 531,reward = -4.8
episode = 532,reward = 26.1
episode = 533,reward = 48.1
episode = 534,reward = 52.1
episode = 535,reward = 3.7
episode = 536,reward = -1.3
episode = 537,reward = -2.4
episode = 538,reward = 4.2
episode = 539,reward = -4.4
episode = 540,reward = -1.4
episode = 541,reward = -4.4
episode = 542,reward = -4.6
episode = 543,reward = -0.7
episode = 544,reward = -4.1
episode = 545,reward = -4.7
episode = 546,reward = -1.5
episode = 547,reward = -4.3
episode = 548,reward = -1.6
episode = 549,reward = -4.5
episode = 550,reward = -4.1
[12-30 14:53:55 MainThread @train.py:112] episode:550    e_greed:0.01   Test reward:-3.32
[12-30 14:53:55 MainThread @train.py:66] 模型保存成功!
episode = 551,reward = -4.3
episode = 552,reward = -4.7
episode = 553,reward = -4.4
episode = 554,reward = -1.6
episode = 555,reward = 4.3
episode = 556,reward = 3.1
episode = 557,reward = -7.2
episode = 558,reward = -3.0
episode = 559,reward = 2.9
episode = 560,reward = -4.9
episode = 561,reward = -5.8
episode = 562,reward = -6.7
episode = 563,reward = -8.2
episode = 564,reward = -6.2
episode = 565,reward = -5.3
episode = 566,reward = -6.1
episode = 567,reward = -3.1
episode = 568,reward = 1.3
episode = 569,reward = -3.9
episode = 570,reward = -2.9
episode = 571,reward = -3.8
episode = 572,reward = -2.2
episode = 573,reward = -5.0
episode = 574,reward = 0.6
episode = 575,reward = -3.7
episode = 576,reward = -5.8
episode = 577,reward = -4.2
episode = 578,reward = -1.3
episode = 579,reward = -1.6
episode = 580,reward = 0.4
episode = 581,reward = -5.7
episode = 582,reward = -6.2
episode = 583,reward = -4.9
episode = 584,reward = 13.5
episode = 585,reward = -4.0
episode = 586,reward = 32.1
episode = 587,reward = 38.5
episode = 588,reward = 16.1
episode = 589,reward = 4.7
episode = 590,reward = -5.1
episode = 591,reward = -6.8
episode = 592,reward = 49.3
episode = 593,reward = -2.6
episode = 594,reward = 16.4
episode = 595,reward = 12.5
episode = 596,reward = -0.5
episode = 597,reward = 7.3
episode = 598,reward = -2.9
episode = 599,reward = 27.4
episode = 600,reward = -1.5
[12-30 15:00:32 MainThread @train.py:112] episode:600    e_greed:0.01   Test reward:24.98
[12-30 15:00:32 MainThread @train.py:66] 模型保存成功!
episode = 601,reward = 58.0
episode = 602,reward = -5.3
episode = 603,reward = 91.4
episode = 604,reward = 53.8
episode = 605,reward = 18.3
episode = 606,reward = 44.2
episode = 607,reward = 56.4
episode = 608,reward = 38.4
episode = 609,reward = -2.0
episode = 610,reward = -5.6
episode = 611,reward = 0.0
episode = 612,reward = -0.2
episode = 613,reward = 2.4
episode = 614,reward = 19.3
episode = 615,reward = -6.0
episode = 616,reward = -4.5
episode = 617,reward = -5.3
episode = 618,reward = -5.0
episode = 619,reward = -2.9
episode = 620,reward = -4.9
episode = 621,reward = -2.2
episode = 622,reward = -5.6
episode = 623,reward = -5.6
episode = 624,reward = -5.0
episode = 625,reward = 46.1
episode = 626,reward = -9.1
episode = 627,reward = -2.6
episode = 628,reward = 3.4
episode = 629,reward = 6.2
episode = 630,reward = 69.3
episode = 631,reward = -2.1
episode = 632,reward = 90.0
episode = 633,reward = 52.2
episode = 634,reward = 14.1
episode = 635,reward = 8.5
episode = 636,reward = 28.4
episode = 637,reward = 58.0
episode = 638,reward = 46.7
episode = 639,reward = 68.4
episode = 640,reward = -1.3
episode = 641,reward = 28.5
episode = 642,reward = 71.0
episode = 643,reward = 52.9
episode = 644,reward = 21.1
episode = 645,reward = -4.9
episode = 646,reward = 80.6
episode = 647,reward = 61.3
episode = 648,reward = 42.7
episode = 649,reward = 50.7
episode = 650,reward = -3.0
[12-30 15:28:34 MainThread @train.py:112] episode:650    e_greed:0.01   Test reward:3.76
[12-30 15:28:34 MainThread @train.py:66] 模型保存成功!
episode = 651,reward = 1.2
episode = 652,reward = 0.1
episode = 653,reward = -4.1
episode = 654,reward = -3.7
episode = 655,reward = -4.5
episode = 656,reward = -3.7
episode = 657,reward = -3.5
episode = 658,reward = -4.2
episode = 659,reward = 19.6
episode = 660,reward = 27.2
episode = 661,reward = 4.8
episode = 662,reward = 21.2
episode = 663,reward = 27.1
episode = 664,reward = 18.8
episode = 665,reward = 33.3
episode = 666,reward = 15.7
episode = 667,reward = 8.4
episode = 668,reward = 47.5
episode = 669,reward = 76.8
episode = 670,reward = 30.3
episode = 671,reward = -0.8
episode = 672,reward = 3.6
episode = 673,reward = -0.8
episode = 674,reward = -1.9
episode = 675,reward = -4.9
episode = 676,reward = -4.9
episode = 677,reward = 63.5
episode = 678,reward = 7.2
episode = 679,reward = 18.8
episode = 680,reward = 39.9
episode = 681,reward = 14.8
episode = 682,reward = 50.6
episode = 683,reward = 62.6
episode = 684,reward = 48.0
episode = 685,reward = 51.0
episode = 686,reward = 47.2
episode = 687,reward = 23.2
episode = 688,reward = -4.4
episode = 689,reward = 31.6
episode = 690,reward = 10.8
episode = 691,reward = 49.0
episode = 692,reward = 25.3
episode = 693,reward = 24.0
episode = 694,reward = -6.0
episode = 695,reward = -2.3
episode = 696,reward = -3.5
episode = 697,reward = 35.8
episode = 698,reward = 26.9
episode = 699,reward = -3.4
episode = 700,reward = -2.6
[12-30 16:10:49 MainThread @train.py:112] episode:700    e_greed:0.01   Test reward:-2.12
[12-30 16:10:49 MainThread @train.py:66] 模型保存成功!
episode = 701,reward = 54.5
episode = 702,reward = -1.0
episode = 703,reward = 82.5
episode = 704,reward = 1.9
episode = 705,reward = -4.2
episode = 706,reward = -4.5
episode = 707,reward = -4.3
episode = 708,reward = 4.7
episode = 709,reward = -4.7
episode = 710,reward = 3.9
episode = 711,reward = 29.7
episode = 712,reward = 46.6
episode = 713,reward = -4.0
episode = 714,reward = 7.3
episode = 715,reward = -3.5
episode = 716,reward = -6.2
episode = 717,reward = -3.9
episode = 718,reward = -5.1
episode = 719,reward = 75.7
episode = 720,reward = 31.0
episode = 721,reward = -4.3
episode = 722,reward = 83.5
episode = 723,reward = 86.4
episode = 724,reward = -3.8
episode = 725,reward = 15.6
episode = 726,reward = 12.3
episode = 727,reward = 31.2
episode = 728,reward = -3.8
episode = 729,reward = 10.1
episode = 730,reward = 0.5
episode = 731,reward = 4.8
episode = 732,reward = -5.5
episode = 733,reward = -5.7
episode = 734,reward = 48.4
episode = 735,reward = 68.1
episode = 736,reward = 65.0
episode = 737,reward = 100.8
episode = 738,reward = 89.1
episode = 739,reward = 3.4
episode = 740,reward = -4.8
episode = 741,reward = 39.6
episode = 742,reward = 72.6
episode = 743,reward = 32.2
episode = 744,reward = 64.2
episode = 745,reward = 52.9
episode = 746,reward = -4.0
episode = 747,reward = 74.8
episode = 748,reward = 74.1
episode = 749,reward = 73.2
episode = 750,reward = 21.6
[12-30 16:59:01 MainThread @train.py:112] episode:750    e_greed:0.01   Test reward:93.4
[12-30 16:59:01 MainThread @train.py:66] 模型保存成功!
episode = 751,reward = 87.8
episode = 752,reward = 13.1
episode = 753,reward = 68.6
episode = 754,reward = -7.0
episode = 755,reward = -5.1
episode = 756,reward = -12.8
episode = 757,reward = 5.7
episode = 758,reward = -3.5
episode = 759,reward = -4.1
episode = 760,reward = -3.8
episode = 761,reward = 7.1
episode = 762,reward = 6.8
episode = 763,reward = -4.4
episode = 764,reward = -3.8
episode = 765,reward = 4.4
episode = 766,reward = 51.7
episode = 767,reward = 90.0
episode = 768,reward = 35.8
episode = 769,reward = 17.5
episode = 770,reward = 29.2
episode = 771,reward = 66.7
episode = 772,reward = 77.8
episode = 773,reward = 65.4
episode = 774,reward = 116.4
episode = 775,reward = 3.0
episode = 776,reward = 24.3
episode = 777,reward = 52.2
episode = 778,reward = 24.2
episode = 779,reward = 22.7
episode = 780,reward = 95.4
episode = 781,reward = 1.3
episode = 782,reward = 16.9
episode = 783,reward = 0.1
episode = 784,reward = -3.0
episode = 785,reward = 1.7
episode = 786,reward = -2.3
episode = 787,reward = 61.8
episode = 788,reward = 10.7
episode = 789,reward = -4.4
episode = 790,reward = 0.5
episode = 791,reward = 66.3
episode = 792,reward = -4.7
episode = 793,reward = 48.9
episode = 794,reward = 26.3
episode = 795,reward = -3.6
episode = 796,reward = 52.0
episode = 797,reward = 47.7
episode = 798,reward = 94.5
episode = 799,reward = 4.3
episode = 800,reward = -0.8
[12-30 17:39:31 MainThread @train.py:112] episode:800    e_greed:0.01   Test reward:4.98
[12-30 17:39:31 MainThread @train.py:66] 模型保存成功!
episode = 801,reward = 1.7
episode = 802,reward = 20.0
episode = 803,reward = 84.9
episode = 804,reward = 36.6
episode = 805,reward = -4.0
episode = 806,reward = 58.0
episode = 807,reward = 1.3
episode = 808,reward = 35.2
episode = 809,reward = 60.8
episode = 810,reward = 63.7
episode = 811,reward = 25.8
episode = 812,reward = 25.4
episode = 813,reward = 38.5
episode = 814,reward = 19.6
episode = 815,reward = -1.1
episode = 816,reward = -3.9
episode = 817,reward = 13.6
episode = 818,reward = -8.8
episode = 819,reward = -3.8
episode = 820,reward = -3.5
episode = 821,reward = 20.9
episode = 822,reward = 48.3
episode = 823,reward = 74.2
episode = 824,reward = 93.9
episode = 825,reward = -4.1
episode = 826,reward = -4.0
episode = 827,reward = 43.8
episode = 828,reward = 12.1
episode = 829,reward = 43.1
episode = 830,reward = 5.4
episode = 831,reward = 9.6
episode = 832,reward = 4.1
episode = 833,reward = -4.3
episode = 834,reward = -4.4
episode = 835,reward = -6.1
episode = 836,reward = 3.8
episode = 837,reward = -1.8
episode = 838,reward = -3.9
episode = 839,reward = 41.9
episode = 840,reward = 1.6
episode = 841,reward = 13.4
episode = 842,reward = -2.2
episode = 843,reward = -0.5
episode = 844,reward = 1.1
episode = 845,reward = 45.5
episode = 846,reward = 63.8
episode = 847,reward = -0.8
episode = 848,reward = 55.9
episode = 849,reward = 72.2
episode = 850,reward = 46.2
[12-30 18:17:14 MainThread @train.py:112] episode:850    e_greed:0.01   Test reward:48.14
[12-30 18:17:14 MainThread @train.py:66] 模型保存成功!
episode = 851,reward = -2.2
episode = 852,reward = -5.1
episode = 853,reward = -2.3
episode = 854,reward = -5.6
episode = 855,reward = -3.6
episode = 856,reward = -4.8
episode = 857,reward = -5.1
episode = 858,reward = -3.5
episode = 859,reward = -3.4
episode = 860,reward = -2.4
episode = 861,reward = -7.5
episode = 862,reward = -4.1
episode = 863,reward = 42.1
episode = 864,reward = 62.8
episode = 865,reward = 93.6
episode = 866,reward = 3.6
episode = 867,reward = 4.3
episode = 868,reward = -0.6
episode = 869,reward = -4.0
episode = 870,reward = 56.0
episode = 871,reward = 9.5
episode = 872,reward = 42.8
episode = 873,reward = -1.9
episode = 874,reward = 113.8
episode = 875,reward = 45.6
episode = 876,reward = -5.3
episode = 877,reward = 53.8
episode = 878,reward = 24.0
episode = 879,reward = 61.5
episode = 880,reward = 58.6
episode = 881,reward = 29.6
episode = 882,reward = 0.4
episode = 883,reward = 48.0
episode = 884,reward = 97.3
episode = 885,reward = 15.7
episode = 886,reward = -0.6
episode = 887,reward = 0.2
episode = 888,reward = 0.8
episode = 889,reward = 10.9
episode = 890,reward = -5.0
episode = 891,reward = 1.4
episode = 892,reward = -5.6
episode = 893,reward = 15.0
episode = 894,reward = -4.1
episode = 895,reward = -5.5
episode = 896,reward = 45.1
episode = 897,reward = 55.4
episode = 898,reward = 4.8
episode = 899,reward = 18.9
episode = 900,reward = 45.6
[12-30 18:48:46 MainThread @train.py:112] episode:900    e_greed:0.01   Test reward:13.9
[12-30 18:48:46 MainThread @train.py:66] 模型保存成功!
episode = 901,reward = -0.3
episode = 902,reward = 2.3
episode = 903,reward = 32.5
episode = 904,reward = -1.4
episode = 905,reward = 50.5
episode = 906,reward = -2.0
episode = 907,reward = 29.4
episode = 908,reward = 83.1
episode = 909,reward = 51.3
episode = 910,reward = 50.7
episode = 911,reward = 9.1
episode = 912,reward = 13.3
episode = 913,reward = -0.5
episode = 914,reward = 36.2
episode = 915,reward = 26.7
episode = 916,reward = 25.0
episode = 917,reward = 36.9
episode = 918,reward = 16.8
episode = 919,reward = 3.1
episode = 920,reward = -3.3
episode = 921,reward = 45.7
episode = 922,reward = 27.9
episode = 923,reward = -3.8
episode = 924,reward = 9.9
episode = 925,reward = -3.8
episode = 926,reward = -3.6
episode = 927,reward = -3.9
episode = 928,reward = 86.7
episode = 929,reward = 15.6
episode = 930,reward = 30.6
episode = 931,reward = 3.8
episode = 932,reward = 77.3
episode = 933,reward = 102.8
episode = 934,reward = 55.2
episode = 935,reward = 85.4
episode = 936,reward = 59.3
episode = 937,reward = 81.8
episode = 938,reward = 53.3
episode = 939,reward = 44.8
episode = 940,reward = -3.9
episode = 941,reward = 64.2
episode = 942,reward = 61.1
episode = 943,reward = 100.8
episode = 944,reward = 88.8
episode = 945,reward = -0.9
episode = 946,reward = 12.8
episode = 947,reward = 3.2
episode = 948,reward = -4.4
episode = 949,reward = -5.1
episode = 950,reward = -9.2
[12-30 19:28:44 MainThread @train.py:112] episode:950    e_greed:0.01   Test reward:-1.58
[12-30 19:28:44 MainThread @train.py:66] 模型保存成功!
episode = 951,reward = -3.4
episode = 952,reward = -2.2
episode = 953,reward = -1.2
episode = 954,reward = -2.5
episode = 955,reward = -1.7
episode = 956,reward = 14.7
episode = 957,reward = -2.7
episode = 958,reward = 2.2
episode = 959,reward = -5.1
episode = 960,reward = 57.4
episode = 961,reward = -3.0
episode = 962,reward = 0.2
episode = 963,reward = 62.1
episode = 964,reward = 23.5
episode = 965,reward = 7.4
episode = 966,reward = 52.2
episode = 967,reward = -4.8
episode = 968,reward = -3.4
episode = 969,reward = -4.1
episode = 970,reward = -2.7
episode = 971,reward = 0.1
episode = 972,reward = -3.6
episode = 973,reward = 7.0
episode = 974,reward = -1.2
episode = 975,reward = -4.7
episode = 976,reward = 0.4
episode = 977,reward = -4.8
episode = 978,reward = -3.9
episode = 979,reward = 5.4
episode = 980,reward = -5.0
episode = 981,reward = 69.6
episode = 982,reward = 56.6
episode = 983,reward = 79.4
episode = 984,reward = 39.8
episode = 985,reward = 54.4
episode = 986,reward = 27.1
episode = 987,reward = 9.8
episode = 988,reward = -2.7
episode = 989,reward = 54.5
episode = 990,reward = 63.9
episode = 991,reward = -4.3
episode = 992,reward = -3.8
episode = 993,reward = -1.3
episode = 994,reward = 31.5
episode = 995,reward = 7.0
episode = 996,reward = 0.7
episode = 997,reward = 38.6
episode = 998,reward = 3.0
episode = 999,reward = 15.1
episode = 1000,reward = 82.4
[12-30 20:01:42 MainThread @train.py:112] episode:1000    e_greed:0.01   Test reward:106.92
[12-30 20:01:42 MainThread @train.py:66] 模型保存成功!
